{"/home/parham/Desktop/node_app/node_1/index.js": {"path":"/home/parham/Desktop/node_app/node_1/index.js","statementMap":{"0":{"start":{"line":1,"column":16},"end":{"line":1,"column":34}},"1":{"start":{"line":2,"column":0},"end":{"line":2,"column":31}},"2":{"start":{"line":3,"column":16},"end":{"line":3,"column":34}},"3":{"start":{"line":6,"column":12},"end":{"line":6,"column":21}},"4":{"start":{"line":9,"column":0},"end":{"line":9,"column":30}},"5":{"start":{"line":12,"column":0},"end":{"line":12,"column":25}},"6":{"start":{"line":15,"column":0},"end":{"line":15,"column":42}},"7":{"start":{"line":18,"column":0},"end":{"line":18,"column":32}},"8":{"start":{"line":21,"column":0},"end":{"line":21,"column":27}},"9":{"start":{"line":24,"column":13},"end":{"line":24,"column":42}},"10":{"start":{"line":25,"column":15},"end":{"line":25,"column":80}},"11":{"start":{"line":25,"column":38},"end":{"line":25,"column":79}},"12":{"start":{"line":27,"column":0},"end":{"line":27,"column":23}}},"fnMap":{"0":{"name":"(anonymous_0)","decl":{"start":{"line":25,"column":32},"end":{"line":25,"column":33}},"loc":{"start":{"line":25,"column":38},"end":{"line":25,"column":79}},"line":25}},"branchMap":{"0":{"loc":{"start":{"line":24,"column":13},"end":{"line":24,"column":42}},"type":"binary-expr","locations":[{"start":{"line":24,"column":13},"end":{"line":24,"column":34}},{"start":{"line":24,"column":38},"end":{"line":24,"column":42}}],"line":24}},"s":{"0":1,"1":1,"2":1,"3":1,"4":1,"5":1,"6":1,"7":1,"8":1,"9":1,"10":1,"11":1,"12":1},"f":{"0":1},"b":{"0":[1,1]},"_coverageSchema":"1a1c01bbd47fc00a2c39e90264f33305004495a9","hash":"6d624a88d57431a24904b59485bd75c2dd1cef46"}
,"/home/parham/Desktop/node_app/node_1/data/friends_queries.js": {"path":"/home/parham/Desktop/node_app/node_1/data/friends_queries.js","statementMap":{"0":{"start":{"line":1,"column":16},"end":{"line":1,"column":50}},"1":{"start":{"line":5,"column":4},"end":{"line":13,"column":5}},"2":{"start":{"line":6,"column":8},"end":{"line":9,"column":10}},"3":{"start":{"line":12,"column":8},"end":{"line":12,"column":19}},"4":{"start":{"line":17,"column":4},"end":{"line":35,"column":33}},"5":{"start":{"line":18,"column":24},"end":{"line":25,"column":14}},"6":{"start":{"line":26,"column":8},"end":{"line":26,"column":34}},"7":{"start":{"line":26,"column":22},"end":{"line":26,"column":34}},"8":{"start":{"line":27,"column":33},"end":{"line":32,"column":9}},"9":{"start":{"line":33,"column":8},"end":{"line":33,"column":32}},"10":{"start":{"line":35,"column":20},"end":{"line":35,"column":31}},"11":{"start":{"line":39,"column":4},"end":{"line":57,"column":33}},"12":{"start":{"line":40,"column":24},"end":{"line":47,"column":14}},"13":{"start":{"line":48,"column":8},"end":{"line":48,"column":34}},"14":{"start":{"line":48,"column":22},"end":{"line":48,"column":34}},"15":{"start":{"line":49,"column":33},"end":{"line":54,"column":9}},"16":{"start":{"line":55,"column":8},"end":{"line":55,"column":32}},"17":{"start":{"line":57,"column":20},"end":{"line":57,"column":31}},"18":{"start":{"line":60,"column":0},"end":{"line":60,"column":41}},"19":{"start":{"line":61,"column":0},"end":{"line":61,"column":37}},"20":{"start":{"line":62,"column":0},"end":{"line":62,"column":51}}},"fnMap":{"0":{"name":"listFriends","decl":{"start":{"line":4,"column":15},"end":{"line":4,"column":26}},"loc":{"start":{"line":4,"column":31},"end":{"line":14,"column":1}},"line":4},"1":{"name":"addFriend","decl":{"start":{"line":16,"column":15},"end":{"line":16,"column":24}},"loc":{"start":{"line":16,"column":48},"end":{"line":36,"column":1}},"line":16},"2":{"name":"removeFriendByID","decl":{"start":{"line":38,"column":15},"end":{"line":38,"column":31}},"loc":{"start":{"line":38,"column":55},"end":{"line":58,"column":1}},"line":38}},"branchMap":{"0":{"loc":{"start":{"line":26,"column":8},"end":{"line":26,"column":34}},"type":"if","locations":[{"start":{"line":26,"column":8},"end":{"line":26,"column":34}},{"start":{},"end":{}}],"line":26},"1":{"loc":{"start":{"line":48,"column":8},"end":{"line":48,"column":34}},"type":"if","locations":[{"start":{"line":48,"column":8},"end":{"line":48,"column":34}},{"start":{},"end":{}}],"line":48}},"s":{"0":1,"1":0,"2":0,"3":0,"4":0,"5":0,"6":0,"7":0,"8":0,"9":0,"10":0,"11":0,"12":0,"13":0,"14":0,"15":0,"16":0,"17":0,"18":1,"19":1,"20":1},"f":{"0":0,"1":0,"2":0},"b":{"0":[0,0],"1":[0,0]},"_coverageSchema":"1a1c01bbd47fc00a2c39e90264f33305004495a9","hash":"5e77e66463429db6c278a5fe410318bcad1430dc"}
,"/home/parham/Desktop/node_app/node_1/data/student_queries.js": {"path":"/home/parham/Desktop/node_app/node_1/data/student_queries.js","statementMap":{"0":{"start":{"line":1,"column":16},"end":{"line":1,"column":50}},"1":{"start":{"line":6,"column":23},"end":{"line":6,"column":34}},"2":{"start":{"line":7,"column":4},"end":{"line":7,"column":38}},"3":{"start":{"line":8,"column":4},"end":{"line":8,"column":38}},"4":{"start":{"line":12,"column":4},"end":{"line":12,"column":34}},"5":{"start":{"line":17,"column":4},"end":{"line":22,"column":5}},"6":{"start":{"line":18,"column":8},"end":{"line":18,"column":35}},"7":{"start":{"line":21,"column":8},"end":{"line":21,"column":28}},"8":{"start":{"line":25,"column":4},"end":{"line":25,"column":37}},"9":{"start":{"line":30,"column":26},"end":{"line":30,"column":52}},"10":{"start":{"line":31,"column":4},"end":{"line":31,"column":31}},"11":{"start":{"line":31,"column":24},"end":{"line":31,"column":31}},"12":{"start":{"line":32,"column":4},"end":{"line":32,"column":24}},"13":{"start":{"line":36,"column":20},"end":{"line":38,"column":21}},"14":{"start":{"line":41,"column":4},"end":{"line":41,"column":25}},"15":{"start":{"line":41,"column":18},"end":{"line":41,"column":25}},"16":{"start":{"line":42,"column":4},"end":{"line":42,"column":18}},"17":{"start":{"line":46,"column":20},"end":{"line":46,"column":55}},"18":{"start":{"line":48,"column":4},"end":{"line":48,"column":25}},"19":{"start":{"line":48,"column":18},"end":{"line":48,"column":25}},"20":{"start":{"line":49,"column":4},"end":{"line":49,"column":18}},"21":{"start":{"line":54,"column":0},"end":{"line":54,"column":40}},"22":{"start":{"line":55,"column":0},"end":{"line":55,"column":50}},"23":{"start":{"line":56,"column":0},"end":{"line":56,"column":50}},"24":{"start":{"line":57,"column":0},"end":{"line":57,"column":48}},"25":{"start":{"line":58,"column":0},"end":{"line":58,"column":44}},"26":{"start":{"line":59,"column":0},"end":{"line":59,"column":44}}},"fnMap":{"0":{"name":"createNewStudent","decl":{"start":{"line":4,"column":15},"end":{"line":4,"column":31}},"loc":{"start":{"line":4,"column":45},"end":{"line":14,"column":1}},"line":4},"1":{"name":"getStudents","decl":{"start":{"line":16,"column":15},"end":{"line":16,"column":26}},"loc":{"start":{"line":16,"column":29},"end":{"line":23,"column":1}},"line":16},"2":{"name":"retrieveStudent","decl":{"start":{"line":24,"column":15},"end":{"line":24,"column":30}},"loc":{"start":{"line":24,"column":35},"end":{"line":27,"column":1}},"line":24},"3":{"name":"getStudentObject","decl":{"start":{"line":29,"column":15},"end":{"line":29,"column":31}},"loc":{"start":{"line":29,"column":36},"end":{"line":34,"column":1}},"line":29},"4":{"name":"updateStudent","decl":{"start":{"line":35,"column":15},"end":{"line":35,"column":28}},"loc":{"start":{"line":35,"column":49},"end":{"line":44,"column":1}},"line":35},"5":{"name":"deleteStudent","decl":{"start":{"line":45,"column":15},"end":{"line":45,"column":28}},"loc":{"start":{"line":45,"column":33},"end":{"line":50,"column":1}},"line":45}},"branchMap":{"0":{"loc":{"start":{"line":31,"column":4},"end":{"line":31,"column":31}},"type":"if","locations":[{"start":{"line":31,"column":4},"end":{"line":31,"column":31}},{"start":{},"end":{}}],"line":31},"1":{"loc":{"start":{"line":41,"column":4},"end":{"line":41,"column":25}},"type":"if","locations":[{"start":{"line":41,"column":4},"end":{"line":41,"column":25}},{"start":{},"end":{}}],"line":41},"2":{"loc":{"start":{"line":48,"column":4},"end":{"line":48,"column":25}},"type":"if","locations":[{"start":{"line":48,"column":4},"end":{"line":48,"column":25}},{"start":{},"end":{}}],"line":48}},"s":{"0":1,"1":0,"2":0,"3":0,"4":0,"5":0,"6":0,"7":0,"8":0,"9":0,"10":0,"11":0,"12":0,"13":0,"14":0,"15":0,"16":0,"17":0,"18":0,"19":0,"20":0,"21":1,"22":1,"23":1,"24":1,"25":1,"26":1},"f":{"0":0,"1":0,"2":0,"3":0,"4":0,"5":0},"b":{"0":[0,0],"1":[0,0],"2":[0,0]},"_coverageSchema":"1a1c01bbd47fc00a2c39e90264f33305004495a9","hash":"7cc4a23f5bd069192fa29d1eb879df632b79532a"}
,"/home/parham/Desktop/node_app/node_1/data/tags_queries.js": {"path":"/home/parham/Desktop/node_app/node_1/data/tags_queries.js","statementMap":{"0":{"start":{"line":1,"column":16},"end":{"line":1,"column":50}},"1":{"start":{"line":2,"column":16},"end":{"line":2,"column":40}},"2":{"start":{"line":6,"column":4},"end":{"line":6,"column":60}},"3":{"start":{"line":10,"column":16},"end":{"line":10,"column":42}},"4":{"start":{"line":11,"column":4},"end":{"line":11,"column":48}},"5":{"start":{"line":11,"column":14},"end":{"line":11,"column":48}},"6":{"start":{"line":12,"column":29},"end":{"line":15,"column":22}},"7":{"start":{"line":17,"column":4},"end":{"line":17,"column":33}},"8":{"start":{"line":18,"column":4},"end":{"line":18,"column":27}},"9":{"start":{"line":22,"column":16},"end":{"line":22,"column":42}},"10":{"start":{"line":23,"column":4},"end":{"line":23,"column":48}},"11":{"start":{"line":23,"column":14},"end":{"line":23,"column":48}},"12":{"start":{"line":24,"column":29},"end":{"line":27,"column":22}},"13":{"start":{"line":29,"column":4},"end":{"line":29,"column":33}},"14":{"start":{"line":30,"column":4},"end":{"line":30,"column":27}},"15":{"start":{"line":33,"column":0},"end":{"line":33,"column":35}},"16":{"start":{"line":34,"column":0},"end":{"line":34,"column":31}},"17":{"start":{"line":35,"column":0},"end":{"line":35,"column":37}}},"fnMap":{"0":{"name":"listTags","decl":{"start":{"line":5,"column":9},"end":{"line":5,"column":17}},"loc":{"start":{"line":5,"column":22},"end":{"line":7,"column":1}},"line":5},"1":{"name":"addTag","decl":{"start":{"line":9,"column":15},"end":{"line":9,"column":21}},"loc":{"start":{"line":9,"column":42},"end":{"line":19,"column":1}},"line":9},"2":{"name":"removeTag","decl":{"start":{"line":21,"column":15},"end":{"line":21,"column":24}},"loc":{"start":{"line":21,"column":45},"end":{"line":31,"column":1}},"line":21}},"branchMap":{"0":{"loc":{"start":{"line":11,"column":4},"end":{"line":11,"column":48}},"type":"if","locations":[{"start":{"line":11,"column":4},"end":{"line":11,"column":48}},{"start":{},"end":{}}],"line":11},"1":{"loc":{"start":{"line":23,"column":4},"end":{"line":23,"column":48}},"type":"if","locations":[{"start":{"line":23,"column":4},"end":{"line":23,"column":48}},{"start":{},"end":{}}],"line":23}},"s":{"0":1,"1":1,"2":0,"3":0,"4":0,"5":0,"6":0,"7":0,"8":0,"9":0,"10":0,"11":0,"12":0,"13":0,"14":0,"15":1,"16":1,"17":1},"f":{"0":0,"1":0,"2":0},"b":{"0":[0,0],"1":[0,0]},"_coverageSchema":"1a1c01bbd47fc00a2c39e90264f33305004495a9","hash":"437cfa3346e149401c7365c2afdb4917b92f0ab3"}
,"/home/parham/Desktop/node_app/node_1/data/auth_queries/auth_register.js": {"path":"/home/parham/Desktop/node_app/node_1/data/auth_queries/auth_register.js","statementMap":{"0":{"start":{"line":1,"column":20},"end":{"line":1,"column":72}},"1":{"start":{"line":2,"column":11},"end":{"line":2,"column":28}},"2":{"start":{"line":7,"column":23},"end":{"line":7,"column":83}},"3":{"start":{"line":8,"column":4},"end":{"line":8,"column":34}},"4":{"start":{"line":13,"column":0},"end":{"line":13,"column":30}}},"fnMap":{"0":{"name":"createNewUser","decl":{"start":{"line":4,"column":15},"end":{"line":4,"column":28}},"loc":{"start":{"line":4,"column":42},"end":{"line":10,"column":1}},"line":4}},"branchMap":{},"s":{"0":1,"1":1,"2":5,"3":5,"4":1},"f":{"0":5},"b":{},"_coverageSchema":"1a1c01bbd47fc00a2c39e90264f33305004495a9","hash":"95160a4156b3be318600afb556ab0507b54da61e"}
,"/home/parham/Desktop/node_app/node_1/middlewares/authenticate.js": {"path":"/home/parham/Desktop/node_app/node_1/middlewares/authenticate.js","statementMap":{"0":{"start":{"line":1,"column":12},"end":{"line":1,"column":35}},"1":{"start":{"line":2,"column":15},"end":{"line":2,"column":32}},"2":{"start":{"line":6,"column":18},"end":{"line":6,"column":44}},"3":{"start":{"line":7,"column":4},"end":{"line":14,"column":5}},"4":{"start":{"line":8,"column":24},"end":{"line":8,"column":71}},"5":{"start":{"line":9,"column":8},"end":{"line":9,"column":26}},"6":{"start":{"line":10,"column":8},"end":{"line":10,"column":35}},"7":{"start":{"line":12,"column":8},"end":{"line":12,"column":31}},"8":{"start":{"line":13,"column":8},"end":{"line":13,"column":36}},"9":{"start":{"line":15,"column":4},"end":{"line":15,"column":10}},"10":{"start":{"line":18,"column":0},"end":{"line":18,"column":21}}},"fnMap":{"0":{"name":"auth","decl":{"start":{"line":5,"column":9},"end":{"line":5,"column":13}},"loc":{"start":{"line":5,"column":30},"end":{"line":16,"column":1}},"line":5}},"branchMap":{},"s":{"0":2,"1":2,"2":16,"3":16,"4":16,"5":1,"6":1,"7":15,"8":15,"9":16,"10":2},"f":{"0":16},"b":{},"_coverageSchema":"1a1c01bbd47fc00a2c39e90264f33305004495a9","hash":"16166f363de0fe794d9c29f2a1a0df8a2952de66"}
,"/home/parham/Desktop/node_app/node_1/middlewares/error.js": {"path":"/home/parham/Desktop/node_app/node_1/middlewares/error.js","statementMap":{"0":{"start":{"line":1,"column":16},"end":{"line":1,"column":34}},"1":{"start":{"line":3,"column":0},"end":{"line":16,"column":1}},"2":{"start":{"line":5,"column":4},"end":{"line":5,"column":90}},"3":{"start":{"line":6,"column":4},"end":{"line":6,"column":31}},"4":{"start":{"line":15,"column":4},"end":{"line":15,"column":57}}},"fnMap":{"0":{"name":"(anonymous_0)","decl":{"start":{"line":3,"column":17},"end":{"line":3,"column":18}},"loc":{"start":{"line":3,"column":44},"end":{"line":16,"column":1}},"line":3}},"branchMap":{},"s":{"0":1,"1":1,"2":0,"3":0,"4":0},"f":{"0":0},"b":{},"_coverageSchema":"1a1c01bbd47fc00a2c39e90264f33305004495a9","hash":"1eada9529cde33a2c416a9e4a6594fbf30d80f30"}
,"/home/parham/Desktop/node_app/node_1/middlewares/login_required.js": {"path":"/home/parham/Desktop/node_app/node_1/middlewares/login_required.js","statementMap":{"0":{"start":{"line":1,"column":12},"end":{"line":1,"column":35}},"1":{"start":{"line":2,"column":15},"end":{"line":2,"column":32}},"2":{"start":{"line":5,"column":0},"end":{"line":18,"column":1}},"3":{"start":{"line":6,"column":18},"end":{"line":6,"column":44}},"4":{"start":{"line":7,"column":4},"end":{"line":7,"column":74}},"5":{"start":{"line":7,"column":16},"end":{"line":7,"column":74}},"6":{"start":{"line":8,"column":4},"end":{"line":17,"column":5}},"7":{"start":{"line":9,"column":24},"end":{"line":9,"column":71}},"8":{"start":{"line":10,"column":8},"end":{"line":10,"column":26}},"9":{"start":{"line":11,"column":8},"end":{"line":11,"column":35}},"10":{"start":{"line":12,"column":8},"end":{"line":12,"column":14}},"11":{"start":{"line":14,"column":8},"end":{"line":14,"column":31}},"12":{"start":{"line":15,"column":8},"end":{"line":15,"column":36}},"13":{"start":{"line":16,"column":8},"end":{"line":16,"column":52}}},"fnMap":{"0":{"name":"(anonymous_0)","decl":{"start":{"line":5,"column":17},"end":{"line":5,"column":18}},"loc":{"start":{"line":5,"column":42},"end":{"line":18,"column":1}},"line":5}},"branchMap":{"0":{"loc":{"start":{"line":7,"column":4},"end":{"line":7,"column":74}},"type":"if","locations":[{"start":{"line":7,"column":4},"end":{"line":7,"column":74}},{"start":{},"end":{}}],"line":7}},"s":{"0":1,"1":1,"2":1,"3":0,"4":0,"5":0,"6":0,"7":0,"8":0,"9":0,"10":0,"11":0,"12":0,"13":0},"f":{"0":0},"b":{"0":[0,0]},"_coverageSchema":"1a1c01bbd47fc00a2c39e90264f33305004495a9","hash":"8fe791debdd51d605a59f0b72849c0ba2d111639"}
,"/home/parham/Desktop/node_app/node_1/models/course.js": {"path":"/home/parham/Desktop/node_app/node_1/models/course.js","statementMap":{"0":{"start":{"line":1,"column":17},"end":{"line":1,"column":36}},"1":{"start":{"line":3,"column":21},"end":{"line":17,"column":1}},"2":{"start":{"line":19,"column":29},"end":{"line":25,"column":2}},"3":{"start":{"line":27,"column":15},"end":{"line":27,"column":53}},"4":{"start":{"line":29,"column":0},"end":{"line":29,"column":30}},"5":{"start":{"line":30,"column":0},"end":{"line":30,"column":42}},"6":{"start":{"line":31,"column":0},"end":{"line":31,"column":58}}},"fnMap":{},"branchMap":{},"s":{"0":1,"1":1,"2":1,"3":1,"4":1,"5":1,"6":1},"f":{},"b":{},"_coverageSchema":"1a1c01bbd47fc00a2c39e90264f33305004495a9","hash":"44ea10ac8af818aca5687f91924e03dc3fd346ae"}
,"/home/parham/Desktop/node_app/node_1/models/student_model.js": {"path":"/home/parham/Desktop/node_app/node_1/models/student_model.js","statementMap":{"0":{"start":{"line":1,"column":17},"end":{"line":1,"column":36}},"1":{"start":{"line":2,"column":34},"end":{"line":2,"column":86}},"2":{"start":{"line":3,"column":33},"end":{"line":3,"column":52}},"3":{"start":{"line":4,"column":22},"end":{"line":4,"column":38}},"4":{"start":{"line":7,"column":22},"end":{"line":37,"column":2}},"5":{"start":{"line":21,"column":16},"end":{"line":21,"column":53}},"6":{"start":{"line":39,"column":16},"end":{"line":39,"column":56}},"7":{"start":{"line":41,"column":0},"end":{"line":41,"column":24}}},"fnMap":{"0":{"name":"(anonymous_0)","decl":{"start":{"line":20,"column":23},"end":{"line":20,"column":24}},"loc":{"start":{"line":20,"column":42},"end":{"line":22,"column":13}},"line":20}},"branchMap":{},"s":{"0":1,"1":1,"2":1,"3":1,"4":1,"5":0,"6":1,"7":1},"f":{"0":0},"b":{},"_coverageSchema":"1a1c01bbd47fc00a2c39e90264f33305004495a9","hash":"2d282761612556356dfafa48020d1055c54dd2ec"}
,"/home/parham/Desktop/node_app/node_1/models/tag.js": {"path":"/home/parham/Desktop/node_app/node_1/models/tag.js","statementMap":{"0":{"start":{"line":1,"column":17},"end":{"line":1,"column":36}},"1":{"start":{"line":3,"column":18},"end":{"line":5,"column":2}},"2":{"start":{"line":7,"column":12},"end":{"line":7,"column":44}},"3":{"start":{"line":9,"column":0},"end":{"line":9,"column":37}},"4":{"start":{"line":10,"column":0},"end":{"line":10,"column":25}}},"fnMap":{},"branchMap":{},"s":{"0":1,"1":1,"2":1,"3":1,"4":1},"f":{},"b":{},"_coverageSchema":"1a1c01bbd47fc00a2c39e90264f33305004495a9","hash":"e408fadc3e7f743641899d9a628ba202135a8827"}
,"/home/parham/Desktop/node_app/node_1/models/authentication/student_model.js": {"path":"/home/parham/Desktop/node_app/node_1/models/authentication/student_model.js","statementMap":{"0":{"start":{"line":2,"column":17},"end":{"line":2,"column":36}},"1":{"start":{"line":3,"column":15},"end":{"line":3,"column":32}},"2":{"start":{"line":4,"column":12},"end":{"line":4,"column":35}},"3":{"start":{"line":6,"column":22},"end":{"line":20,"column":2}},"4":{"start":{"line":15,"column":16},"end":{"line":15,"column":35}},"5":{"start":{"line":21,"column":0},"end":{"line":30,"column":1}},"6":{"start":{"line":22,"column":18},"end":{"line":28,"column":7}},"7":{"start":{"line":29,"column":6},"end":{"line":29,"column":19}},"8":{"start":{"line":31,"column":20},"end":{"line":31,"column":64}},"9":{"start":{"line":33,"column":0},"end":{"line":33,"column":28}}},"fnMap":{"0":{"name":"(anonymous_0)","decl":{"start":{"line":14,"column":23},"end":{"line":14,"column":24}},"loc":{"start":{"line":14,"column":30},"end":{"line":16,"column":13}},"line":14},"1":{"name":"(anonymous_1)","decl":{"start":{"line":21,"column":42},"end":{"line":21,"column":43}},"loc":{"start":{"line":21,"column":53},"end":{"line":30,"column":1}},"line":21}},"branchMap":{},"s":{"0":3,"1":3,"2":3,"3":3,"4":5,"5":3,"6":2,"7":2,"8":3,"9":3},"f":{"0":5,"1":2},"b":{},"_coverageSchema":"1a1c01bbd47fc00a2c39e90264f33305004495a9","hash":"bbb4c449bf17c4d31141d52f361d4697c61e8734"}
,"/home/parham/Desktop/node_app/node_1/routes/pug_route.js": {"path":"/home/parham/Desktop/node_app/node_1/routes/pug_route.js","statementMap":{"0":{"start":{"line":1,"column":16},"end":{"line":1,"column":34}},"1":{"start":{"line":3,"column":18},"end":{"line":3,"column":34}},"2":{"start":{"line":5,"column":0},"end":{"line":7,"column":2}},"3":{"start":{"line":6,"column":4},"end":{"line":6,"column":100}},"4":{"start":{"line":9,"column":0},"end":{"line":9,"column":27}}},"fnMap":{"0":{"name":"(anonymous_0)","decl":{"start":{"line":5,"column":19},"end":{"line":5,"column":20}},"loc":{"start":{"line":5,"column":33},"end":{"line":7,"column":1}},"line":5}},"branchMap":{},"s":{"0":1,"1":1,"2":1,"3":0,"4":1},"f":{"0":0},"b":{},"_coverageSchema":"1a1c01bbd47fc00a2c39e90264f33305004495a9","hash":"35b431d8d2dd4ff465bc392413e035486f9397b3"}
,"/home/parham/Desktop/node_app/node_1/routes/students.js": {"path":"/home/parham/Desktop/node_app/node_1/routes/students.js","statementMap":{"0":{"start":{"line":1,"column":16},"end":{"line":1,"column":34}},"1":{"start":{"line":2,"column":17},"end":{"line":2,"column":36}},"2":{"start":{"line":3,"column":24},"end":{"line":3,"column":67}},"3":{"start":{"line":4,"column":89},"end":{"line":4,"column":123}},"4":{"start":{"line":5,"column":23},"end":{"line":5,"column":52}},"5":{"start":{"line":6,"column":20},"end":{"line":6,"column":46}},"6":{"start":{"line":8,"column":23},"end":{"line":8,"column":39}},"7":{"start":{"line":10,"column":0},"end":{"line":22,"column":3}},"8":{"start":{"line":11,"column":4},"end":{"line":21,"column":5}},"9":{"start":{"line":12,"column":25},"end":{"line":12,"column":44}},"10":{"start":{"line":13,"column":8},"end":{"line":16,"column":13}},"11":{"start":{"line":13,"column":45},"end":{"line":16,"column":9}},"12":{"start":{"line":19,"column":8},"end":{"line":19,"column":22}},"13":{"start":{"line":20,"column":8},"end":{"line":20,"column":61}},"14":{"start":{"line":25,"column":0},"end":{"line":34,"column":3}},"15":{"start":{"line":26,"column":15},"end":{"line":26,"column":28}},"16":{"start":{"line":27,"column":4},"end":{"line":33,"column":5}},"17":{"start":{"line":28,"column":24},"end":{"line":28,"column":49}},"18":{"start":{"line":29,"column":8},"end":{"line":29,"column":88}},"19":{"start":{"line":29,"column":22},"end":{"line":29,"column":88}},"20":{"start":{"line":30,"column":8},"end":{"line":30,"column":32}},"21":{"start":{"line":32,"column":8},"end":{"line":32,"column":21}},"22":{"start":{"line":37,"column":0},"end":{"line":50,"column":2}},"23":{"start":{"line":39,"column":22},"end":{"line":39,"column":47}},"24":{"start":{"line":40,"column":4},"end":{"line":40,"column":68}},"25":{"start":{"line":40,"column":15},"end":{"line":40,"column":68}},"26":{"start":{"line":42,"column":4},"end":{"line":49,"column":5}},"27":{"start":{"line":43,"column":28},"end":{"line":43,"column":60}},"28":{"start":{"line":44,"column":8},"end":{"line":44,"column":41}},"29":{"start":{"line":47,"column":8},"end":{"line":47,"column":22}},"30":{"start":{"line":48,"column":8},"end":{"line":48,"column":38}},"31":{"start":{"line":53,"column":0},"end":{"line":70,"column":2}},"32":{"start":{"line":54,"column":22},"end":{"line":54,"column":47}},"33":{"start":{"line":55,"column":4},"end":{"line":55,"column":68}},"34":{"start":{"line":55,"column":15},"end":{"line":55,"column":68}},"35":{"start":{"line":58,"column":15},"end":{"line":58,"column":28}},"36":{"start":{"line":61,"column":4},"end":{"line":61,"column":87}},"37":{"start":{"line":61,"column":46},"end":{"line":61,"column":87}},"38":{"start":{"line":63,"column":20},"end":{"line":63,"column":53}},"39":{"start":{"line":64,"column":4},"end":{"line":64,"column":84}},"40":{"start":{"line":64,"column":18},"end":{"line":64,"column":84}},"41":{"start":{"line":69,"column":4},"end":{"line":69,"column":21}},"42":{"start":{"line":72,"column":0},"end":{"line":82,"column":2}},"43":{"start":{"line":74,"column":15},"end":{"line":74,"column":28}},"44":{"start":{"line":77,"column":4},"end":{"line":77,"column":87}},"45":{"start":{"line":77,"column":46},"end":{"line":77,"column":87}},"46":{"start":{"line":79,"column":20},"end":{"line":79,"column":43}},"47":{"start":{"line":80,"column":4},"end":{"line":80,"column":84}},"48":{"start":{"line":80,"column":18},"end":{"line":80,"column":84}},"49":{"start":{"line":81,"column":4},"end":{"line":81,"column":26}},"50":{"start":{"line":83,"column":0},"end":{"line":83,"column":50}},"51":{"start":{"line":84,"column":0},"end":{"line":84,"column":44}},"52":{"start":{"line":86,"column":0},"end":{"line":86,"column":31}}},"fnMap":{"0":{"name":"(anonymous_0)","decl":{"start":{"line":10,"column":24},"end":{"line":10,"column":25}},"loc":{"start":{"line":10,"column":44},"end":{"line":22,"column":1}},"line":10},"1":{"name":"(anonymous_1)","decl":{"start":{"line":13,"column":37},"end":{"line":13,"column":38}},"loc":{"start":{"line":13,"column":45},"end":{"line":16,"column":9}},"line":13},"2":{"name":"(anonymous_2)","decl":{"start":{"line":25,"column":27},"end":{"line":25,"column":28}},"loc":{"start":{"line":25,"column":53},"end":{"line":34,"column":1}},"line":25},"3":{"name":"(anonymous_3)","decl":{"start":{"line":37,"column":25},"end":{"line":37,"column":26}},"loc":{"start":{"line":37,"column":45},"end":{"line":50,"column":1}},"line":37},"4":{"name":"(anonymous_4)","decl":{"start":{"line":53,"column":27},"end":{"line":53,"column":28}},"loc":{"start":{"line":53,"column":47},"end":{"line":70,"column":1}},"line":53},"5":{"name":"(anonymous_5)","decl":{"start":{"line":72,"column":30},"end":{"line":72,"column":31}},"loc":{"start":{"line":72,"column":50},"end":{"line":82,"column":1}},"line":72}},"branchMap":{"0":{"loc":{"start":{"line":29,"column":8},"end":{"line":29,"column":88}},"type":"if","locations":[{"start":{"line":29,"column":8},"end":{"line":29,"column":88}},{"start":{},"end":{}}],"line":29},"1":{"loc":{"start":{"line":40,"column":4},"end":{"line":40,"column":68}},"type":"if","locations":[{"start":{"line":40,"column":4},"end":{"line":40,"column":68}},{"start":{},"end":{}}],"line":40},"2":{"loc":{"start":{"line":55,"column":4},"end":{"line":55,"column":68}},"type":"if","locations":[{"start":{"line":55,"column":4},"end":{"line":55,"column":68}},{"start":{},"end":{}}],"line":55},"3":{"loc":{"start":{"line":61,"column":4},"end":{"line":61,"column":87}},"type":"if","locations":[{"start":{"line":61,"column":4},"end":{"line":61,"column":87}},{"start":{},"end":{}}],"line":61},"4":{"loc":{"start":{"line":64,"column":4},"end":{"line":64,"column":84}},"type":"if","locations":[{"start":{"line":64,"column":4},"end":{"line":64,"column":84}},{"start":{},"end":{}}],"line":64},"5":{"loc":{"start":{"line":77,"column":4},"end":{"line":77,"column":87}},"type":"if","locations":[{"start":{"line":77,"column":4},"end":{"line":77,"column":87}},{"start":{},"end":{}}],"line":77},"6":{"loc":{"start":{"line":80,"column":4},"end":{"line":80,"column":84}},"type":"if","locations":[{"start":{"line":80,"column":4},"end":{"line":80,"column":84}},{"start":{},"end":{}}],"line":80}},"s":{"0":1,"1":1,"2":1,"3":1,"4":1,"5":1,"6":1,"7":1,"8":0,"9":0,"10":0,"11":0,"12":0,"13":0,"14":1,"15":0,"16":0,"17":0,"18":0,"19":0,"20":0,"21":0,"22":1,"23":0,"24":0,"25":0,"26":0,"27":0,"28":0,"29":0,"30":0,"31":1,"32":0,"33":0,"34":0,"35":0,"36":0,"37":0,"38":0,"39":0,"40":0,"41":0,"42":1,"43":0,"44":0,"45":0,"46":0,"47":0,"48":0,"49":0,"50":1,"51":1,"52":1},"f":{"0":0,"1":0,"2":0,"3":0,"4":0,"5":0},"b":{"0":[0,0],"1":[0,0],"2":[0,0],"3":[0,0],"4":[0,0],"5":[0,0],"6":[0,0]},"_coverageSchema":"1a1c01bbd47fc00a2c39e90264f33305004495a9","hash":"8fd1083e6eef810f2249de835e4dbe6ea2abc83b"}
,"/home/parham/Desktop/node_app/node_1/routes/students_friends.js": {"path":"/home/parham/Desktop/node_app/node_1/routes/students_friends.js","statementMap":{"0":{"start":{"line":1,"column":16},"end":{"line":1,"column":34}},"1":{"start":{"line":2,"column":53},"end":{"line":2,"column":87}},"2":{"start":{"line":3,"column":26},"end":{"line":3,"column":71}},"3":{"start":{"line":5,"column":23},"end":{"line":5,"column":60}},"4":{"start":{"line":7,"column":0},"end":{"line":11,"column":3}},"5":{"start":{"line":8,"column":15},"end":{"line":8,"column":28}},"6":{"start":{"line":9,"column":20},"end":{"line":9,"column":41}},"7":{"start":{"line":10,"column":4},"end":{"line":10,"column":22}},"8":{"start":{"line":13,"column":0},"end":{"line":26,"column":3}},"9":{"start":{"line":14,"column":4},"end":{"line":25,"column":5}},"10":{"start":{"line":15,"column":27},"end":{"line":15,"column":40}},"11":{"start":{"line":16,"column":26},"end":{"line":16,"column":44}},"12":{"start":{"line":17,"column":26},"end":{"line":17,"column":53}},"13":{"start":{"line":18,"column":8},"end":{"line":18,"column":53}},"14":{"start":{"line":18,"column":19},"end":{"line":18,"column":53}},"15":{"start":{"line":19,"column":24},"end":{"line":19,"column":62}},"16":{"start":{"line":20,"column":8},"end":{"line":20,"column":57}},"17":{"start":{"line":20,"column":21},"end":{"line":20,"column":57}},"18":{"start":{"line":21,"column":8},"end":{"line":21,"column":53}},"19":{"start":{"line":24,"column":8},"end":{"line":24,"column":22}},"20":{"start":{"line":28,"column":0},"end":{"line":41,"column":2}},"21":{"start":{"line":29,"column":4},"end":{"line":40,"column":5}},"22":{"start":{"line":30,"column":27},"end":{"line":30,"column":40}},"23":{"start":{"line":31,"column":26},"end":{"line":31,"column":44}},"24":{"start":{"line":32,"column":26},"end":{"line":32,"column":53}},"25":{"start":{"line":33,"column":8},"end":{"line":33,"column":53}},"26":{"start":{"line":33,"column":19},"end":{"line":33,"column":53}},"27":{"start":{"line":34,"column":24},"end":{"line":34,"column":69}},"28":{"start":{"line":35,"column":8},"end":{"line":35,"column":57}},"29":{"start":{"line":35,"column":21},"end":{"line":35,"column":57}},"30":{"start":{"line":36,"column":8},"end":{"line":36,"column":53}},"31":{"start":{"line":39,"column":8},"end":{"line":39,"column":14}},"32":{"start":{"line":44,"column":0},"end":{"line":44,"column":31}}},"fnMap":{"0":{"name":"(anonymous_0)","decl":{"start":{"line":7,"column":24},"end":{"line":7,"column":25}},"loc":{"start":{"line":7,"column":44},"end":{"line":11,"column":1}},"line":7},"1":{"name":"(anonymous_1)","decl":{"start":{"line":13,"column":25},"end":{"line":13,"column":26}},"loc":{"start":{"line":13,"column":51},"end":{"line":26,"column":1}},"line":13},"2":{"name":"(anonymous_2)","decl":{"start":{"line":28,"column":27},"end":{"line":28,"column":28}},"loc":{"start":{"line":28,"column":47},"end":{"line":41,"column":1}},"line":28}},"branchMap":{"0":{"loc":{"start":{"line":18,"column":8},"end":{"line":18,"column":53}},"type":"if","locations":[{"start":{"line":18,"column":8},"end":{"line":18,"column":53}},{"start":{},"end":{}}],"line":18},"1":{"loc":{"start":{"line":20,"column":8},"end":{"line":20,"column":57}},"type":"if","locations":[{"start":{"line":20,"column":8},"end":{"line":20,"column":57}},{"start":{},"end":{}}],"line":20},"2":{"loc":{"start":{"line":33,"column":8},"end":{"line":33,"column":53}},"type":"if","locations":[{"start":{"line":33,"column":8},"end":{"line":33,"column":53}},{"start":{},"end":{}}],"line":33},"3":{"loc":{"start":{"line":35,"column":8},"end":{"line":35,"column":57}},"type":"if","locations":[{"start":{"line":35,"column":8},"end":{"line":35,"column":57}},{"start":{},"end":{}}],"line":35}},"s":{"0":1,"1":1,"2":1,"3":1,"4":1,"5":0,"6":0,"7":0,"8":1,"9":0,"10":0,"11":0,"12":0,"13":0,"14":0,"15":0,"16":0,"17":0,"18":0,"19":0,"20":1,"21":0,"22":0,"23":0,"24":0,"25":0,"26":0,"27":0,"28":0,"29":0,"30":0,"31":0,"32":1},"f":{"0":0,"1":0,"2":0},"b":{"0":[0,0],"1":[0,0],"2":[0,0],"3":[0,0]},"_coverageSchema":"1a1c01bbd47fc00a2c39e90264f33305004495a9","hash":"313463033c40b057737883459d77def41532da0f"}
,"/home/parham/Desktop/node_app/node_1/routes/students_tags.js": {"path":"/home/parham/Desktop/node_app/node_1/routes/students_tags.js","statementMap":{"0":{"start":{"line":1,"column":16},"end":{"line":1,"column":34}},"1":{"start":{"line":2,"column":40},"end":{"line":2,"column":71}},"2":{"start":{"line":5,"column":20},"end":{"line":5,"column":57}},"3":{"start":{"line":7,"column":0},"end":{"line":12,"column":2}},"4":{"start":{"line":8,"column":15},"end":{"line":8,"column":28}},"5":{"start":{"line":9,"column":17},"end":{"line":9,"column":35}},"6":{"start":{"line":10,"column":4},"end":{"line":10,"column":35}},"7":{"start":{"line":10,"column":14},"end":{"line":10,"column":35}},"8":{"start":{"line":11,"column":4},"end":{"line":11,"column":33}},"9":{"start":{"line":14,"column":0},"end":{"line":27,"column":2}},"10":{"start":{"line":15,"column":23},"end":{"line":15,"column":36}},"11":{"start":{"line":16,"column":19},"end":{"line":16,"column":34}},"12":{"start":{"line":17,"column":4},"end":{"line":26,"column":5}},"13":{"start":{"line":18,"column":24},"end":{"line":18,"column":56}},"14":{"start":{"line":19,"column":8},"end":{"line":19,"column":44}},"15":{"start":{"line":22,"column":8},"end":{"line":24,"column":35}},"16":{"start":{"line":22,"column":53},"end":{"line":24,"column":35}},"17":{"start":{"line":25,"column":8},"end":{"line":25,"column":65}},"18":{"start":{"line":29,"column":0},"end":{"line":42,"column":2}},"19":{"start":{"line":30,"column":23},"end":{"line":30,"column":36}},"20":{"start":{"line":31,"column":19},"end":{"line":31,"column":34}},"21":{"start":{"line":32,"column":4},"end":{"line":41,"column":5}},"22":{"start":{"line":33,"column":24},"end":{"line":33,"column":59}},"23":{"start":{"line":34,"column":8},"end":{"line":34,"column":32}},"24":{"start":{"line":37,"column":8},"end":{"line":39,"column":35}},"25":{"start":{"line":37,"column":53},"end":{"line":39,"column":35}},"26":{"start":{"line":40,"column":8},"end":{"line":40,"column":65}},"27":{"start":{"line":43,"column":0},"end":{"line":43,"column":29}}},"fnMap":{"0":{"name":"(anonymous_0)","decl":{"start":{"line":7,"column":21},"end":{"line":7,"column":22}},"loc":{"start":{"line":7,"column":41},"end":{"line":12,"column":1}},"line":7},"1":{"name":"(anonymous_1)","decl":{"start":{"line":14,"column":22},"end":{"line":14,"column":23}},"loc":{"start":{"line":14,"column":42},"end":{"line":27,"column":1}},"line":14},"2":{"name":"(anonymous_2)","decl":{"start":{"line":29,"column":24},"end":{"line":29,"column":25}},"loc":{"start":{"line":29,"column":44},"end":{"line":42,"column":1}},"line":29}},"branchMap":{"0":{"loc":{"start":{"line":10,"column":4},"end":{"line":10,"column":35}},"type":"if","locations":[{"start":{"line":10,"column":4},"end":{"line":10,"column":35}},{"start":{},"end":{}}],"line":10},"1":{"loc":{"start":{"line":22,"column":8},"end":{"line":24,"column":35}},"type":"if","locations":[{"start":{"line":22,"column":8},"end":{"line":24,"column":35}},{"start":{},"end":{}}],"line":22},"2":{"loc":{"start":{"line":37,"column":8},"end":{"line":39,"column":35}},"type":"if","locations":[{"start":{"line":37,"column":8},"end":{"line":39,"column":35}},{"start":{},"end":{}}],"line":37}},"s":{"0":1,"1":1,"2":1,"3":1,"4":0,"5":0,"6":0,"7":0,"8":0,"9":1,"10":0,"11":0,"12":0,"13":0,"14":0,"15":0,"16":0,"17":0,"18":1,"19":0,"20":0,"21":0,"22":0,"23":0,"24":0,"25":0,"26":0,"27":1},"f":{"0":0,"1":0,"2":0},"b":{"0":[0,0],"1":[0,0],"2":[0,0]},"_coverageSchema":"1a1c01bbd47fc00a2c39e90264f33305004495a9","hash":"35eb174d3d855f5f3be132632236cd716a20c32d"}
,"/home/parham/Desktop/node_app/node_1/routes/auth_routes/auth_routes.js": {"path":"/home/parham/Desktop/node_app/node_1/routes/auth_routes/auth_routes.js","statementMap":{"0":{"start":{"line":1,"column":16},"end":{"line":1,"column":34}},"1":{"start":{"line":2,"column":22},"end":{"line":2,"column":70}},"2":{"start":{"line":3,"column":17},"end":{"line":3,"column":69}},"3":{"start":{"line":4,"column":10},"end":{"line":4,"column":27}},"4":{"start":{"line":5,"column":23},"end":{"line":5,"column":40}},"5":{"start":{"line":6,"column":15},"end":{"line":6,"column":32}},"6":{"start":{"line":7,"column":12},"end":{"line":7,"column":35}},"7":{"start":{"line":8,"column":15},"end":{"line":8,"column":32}},"8":{"start":{"line":9,"column":23},"end":{"line":9,"column":66}},"9":{"start":{"line":12,"column":19},"end":{"line":12,"column":35}},"10":{"start":{"line":23,"column":0},"end":{"line":30,"column":2}},"11":{"start":{"line":24,"column":15},"end":{"line":24,"column":64}},"12":{"start":{"line":25,"column":4},"end":{"line":25,"column":68}},"13":{"start":{"line":25,"column":14},"end":{"line":25,"column":68}},"14":{"start":{"line":26,"column":25},"end":{"line":26,"column":42}},"15":{"start":{"line":27,"column":4},"end":{"line":27,"column":58}},"16":{"start":{"line":28,"column":24},"end":{"line":28,"column":53}},"17":{"start":{"line":29,"column":4},"end":{"line":29,"column":70}},"18":{"start":{"line":33,"column":0},"end":{"line":42,"column":2}},"19":{"start":{"line":34,"column":15},"end":{"line":34,"column":64}},"20":{"start":{"line":35,"column":4},"end":{"line":35,"column":75}},"21":{"start":{"line":35,"column":15},"end":{"line":35,"column":75}},"22":{"start":{"line":37,"column":21},"end":{"line":37,"column":75}},"23":{"start":{"line":38,"column":4},"end":{"line":38,"column":79}},"24":{"start":{"line":38,"column":19},"end":{"line":38,"column":79}},"25":{"start":{"line":40,"column":4},"end":{"line":40,"column":73}},"26":{"start":{"line":41,"column":4},"end":{"line":41,"column":49}},"27":{"start":{"line":45,"column":0},"end":{"line":48,"column":2}},"28":{"start":{"line":46,"column":4},"end":{"line":46,"column":88}},"29":{"start":{"line":46,"column":31},"end":{"line":46,"column":88}},"30":{"start":{"line":47,"column":4},"end":{"line":47,"column":42}},"31":{"start":{"line":51,"column":0},"end":{"line":54,"column":2}},"32":{"start":{"line":53,"column":4},"end":{"line":53,"column":37}},"33":{"start":{"line":56,"column":0},"end":{"line":56,"column":27}}},"fnMap":{"0":{"name":"(anonymous_0)","decl":{"start":{"line":23,"column":29},"end":{"line":23,"column":30}},"loc":{"start":{"line":23,"column":49},"end":{"line":30,"column":1}},"line":23},"1":{"name":"(anonymous_1)","decl":{"start":{"line":33,"column":26},"end":{"line":33,"column":27}},"loc":{"start":{"line":33,"column":46},"end":{"line":42,"column":1}},"line":33},"2":{"name":"(anonymous_2)","decl":{"start":{"line":45,"column":26},"end":{"line":45,"column":27}},"loc":{"start":{"line":45,"column":46},"end":{"line":48,"column":1}},"line":45},"3":{"name":"(anonymous_3)","decl":{"start":{"line":51,"column":50},"end":{"line":51,"column":51}},"loc":{"start":{"line":51,"column":70},"end":{"line":54,"column":1}},"line":51}},"branchMap":{"0":{"loc":{"start":{"line":25,"column":4},"end":{"line":25,"column":68}},"type":"if","locations":[{"start":{"line":25,"column":4},"end":{"line":25,"column":68}},{"start":{},"end":{}}],"line":25},"1":{"loc":{"start":{"line":35,"column":4},"end":{"line":35,"column":75}},"type":"if","locations":[{"start":{"line":35,"column":4},"end":{"line":35,"column":75}},{"start":{},"end":{}}],"line":35},"2":{"loc":{"start":{"line":38,"column":4},"end":{"line":38,"column":79}},"type":"if","locations":[{"start":{"line":38,"column":4},"end":{"line":38,"column":79}},{"start":{},"end":{}}],"line":38},"3":{"loc":{"start":{"line":46,"column":4},"end":{"line":46,"column":88}},"type":"if","locations":[{"start":{"line":46,"column":4},"end":{"line":46,"column":88}},{"start":{},"end":{}}],"line":46}},"s":{"0":1,"1":1,"2":1,"3":1,"4":1,"5":1,"6":1,"7":1,"8":1,"9":1,"10":1,"11":5,"12":5,"13":1,"14":4,"15":4,"16":4,"17":4,"18":1,"19":3,"20":3,"21":1,"22":2,"23":2,"24":1,"25":1,"26":1,"27":1,"28":0,"29":0,"30":0,"31":1,"32":0,"33":1},"f":{"0":5,"1":3,"2":0,"3":0},"b":{"0":[1,4],"1":[1,2],"2":[1,1],"3":[0,0]},"_coverageSchema":"1a1c01bbd47fc00a2c39e90264f33305004495a9","hash":"b8507558a9cd5cb2cd4bc97a6c5ce063db9f94ca"}
,"/home/parham/Desktop/node_app/node_1/routes/auth_routes/hash.js": {"path":"/home/parham/Desktop/node_app/node_1/routes/auth_routes/hash.js","statementMap":{"0":{"start":{"line":1,"column":15},"end":{"line":1,"column":32}},"1":{"start":{"line":7,"column":17},"end":{"line":7,"column":40}},"2":{"start":{"line":9,"column":27},"end":{"line":9,"column":64}},"3":{"start":{"line":10,"column":4},"end":{"line":10,"column":25}},"4":{"start":{"line":13,"column":0},"end":{"line":13,"column":29}}},"fnMap":{"0":{"name":"hashPassword","decl":{"start":{"line":3,"column":15},"end":{"line":3,"column":27}},"loc":{"start":{"line":3,"column":42},"end":{"line":11,"column":1}},"line":3}},"branchMap":{},"s":{"0":1,"1":5,"2":5,"3":5,"4":1},"f":{"0":5},"b":{},"_coverageSchema":"1a1c01bbd47fc00a2c39e90264f33305004495a9","hash":"91c7421564c7524f489af20551efab3c8d261670"}
,"/home/parham/Desktop/node_app/node_1/startup/config.js": {"path":"/home/parham/Desktop/node_app/node_1/startup/config.js","statementMap":{"0":{"start":{"line":1,"column":15},"end":{"line":1,"column":32}},"1":{"start":{"line":2,"column":16},"end":{"line":2,"column":34}},"2":{"start":{"line":4,"column":0},"end":{"line":6,"column":1}},"3":{"start":{"line":5,"column":4},"end":{"line":5,"column":96}},"4":{"start":{"line":5,"column":39},"end":{"line":5,"column":96}}},"fnMap":{"0":{"name":"(anonymous_0)","decl":{"start":{"line":4,"column":17},"end":{"line":4,"column":18}},"loc":{"start":{"line":4,"column":29},"end":{"line":6,"column":1}},"line":4}},"branchMap":{"0":{"loc":{"start":{"line":5,"column":4},"end":{"line":5,"column":96}},"type":"if","locations":[{"start":{"line":5,"column":4},"end":{"line":5,"column":96}},{"start":{},"end":{}}],"line":5}},"s":{"0":1,"1":1,"2":1,"3":0,"4":0},"f":{"0":0},"b":{"0":[0,0]},"_coverageSchema":"1a1c01bbd47fc00a2c39e90264f33305004495a9","hash":"b1c3c23e012cb49daa168062999c29be85544c22"}
,"/home/parham/Desktop/node_app/node_1/startup/db.js": {"path":"/home/parham/Desktop/node_app/node_1/startup/db.js","statementMap":{"0":{"start":{"line":1,"column":17},"end":{"line":1,"column":36}},"1":{"start":{"line":2,"column":16},"end":{"line":2,"column":34}},"2":{"start":{"line":3,"column":15},"end":{"line":3,"column":32}},"3":{"start":{"line":6,"column":0},"end":{"line":10,"column":1}},"4":{"start":{"line":7,"column":15},"end":{"line":7,"column":31}},"5":{"start":{"line":8,"column":4},"end":{"line":9,"column":58}},"6":{"start":{"line":9,"column":21},"end":{"line":9,"column":56}}},"fnMap":{"0":{"name":"(anonymous_0)","decl":{"start":{"line":6,"column":17},"end":{"line":6,"column":18}},"loc":{"start":{"line":6,"column":29},"end":{"line":10,"column":1}},"line":6},"1":{"name":"(anonymous_1)","decl":{"start":{"line":9,"column":14},"end":{"line":9,"column":15}},"loc":{"start":{"line":9,"column":20},"end":{"line":9,"column":57}},"line":9}},"branchMap":{},"s":{"0":1,"1":1,"2":1,"3":1,"4":1,"5":1,"6":1},"f":{"0":1,"1":1},"b":{},"_coverageSchema":"1a1c01bbd47fc00a2c39e90264f33305004495a9","hash":"b2ff4517cd0f5a3311fbd568eaca73bf6df85c0d"}
,"/home/parham/Desktop/node_app/node_1/startup/load_middlewares.js": {"path":"/home/parham/Desktop/node_app/node_1/startup/load_middlewares.js","statementMap":{"0":{"start":{"line":1,"column":16},"end":{"line":1,"column":34}},"1":{"start":{"line":2,"column":15},"end":{"line":2,"column":32}},"2":{"start":{"line":3,"column":15},"end":{"line":3,"column":32}},"3":{"start":{"line":4,"column":21},"end":{"line":4,"column":59}},"4":{"start":{"line":6,"column":0},"end":{"line":15,"column":1}},"5":{"start":{"line":7,"column":4},"end":{"line":7,"column":34}},"6":{"start":{"line":8,"column":4},"end":{"line":8,"column":32}},"7":{"start":{"line":9,"column":4},"end":{"line":9,"column":27}},"8":{"start":{"line":10,"column":4},"end":{"line":10,"column":51}},"9":{"start":{"line":11,"column":4},"end":{"line":11,"column":37}},"10":{"start":{"line":12,"column":4},"end":{"line":12,"column":25}},"11":{"start":{"line":13,"column":4},"end":{"line":13,"column":21}},"12":{"start":{"line":14,"column":4},"end":{"line":14,"column":65}},"13":{"start":{"line":14,"column":42},"end":{"line":14,"column":65}}},"fnMap":{"0":{"name":"(anonymous_0)","decl":{"start":{"line":6,"column":17},"end":{"line":6,"column":18}},"loc":{"start":{"line":6,"column":32},"end":{"line":15,"column":1}},"line":6}},"branchMap":{"0":{"loc":{"start":{"line":14,"column":4},"end":{"line":14,"column":65}},"type":"if","locations":[{"start":{"line":14,"column":4},"end":{"line":14,"column":65}},{"start":{},"end":{}}],"line":14}},"s":{"0":1,"1":1,"2":1,"3":1,"4":1,"5":1,"6":1,"7":1,"8":1,"9":1,"10":1,"11":1,"12":1,"13":0},"f":{"0":1},"b":{"0":[0,1]},"_coverageSchema":"1a1c01bbd47fc00a2c39e90264f33305004495a9","hash":"228ee477e381f099a01358007c931d10b46a1ff5"}
,"/home/parham/Desktop/node_app/node_1/startup/logging.js": {"path":"/home/parham/Desktop/node_app/node_1/startup/logging.js","statementMap":{"0":{"start":{"line":1,"column":16},"end":{"line":1,"column":34}},"1":{"start":{"line":2,"column":0},"end":{"line":4,"column":1}},"2":{"start":{"line":3,"column":4},"end":{"line":3,"column":30}},"3":{"start":{"line":6,"column":0},"end":{"line":30,"column":1}},"4":{"start":{"line":8,"column":4},"end":{"line":8,"column":89}},"5":{"start":{"line":9,"column":4},"end":{"line":9,"column":66}},"6":{"start":{"line":11,"column":4},"end":{"line":17,"column":5}},"7":{"start":{"line":12,"column":8},"end":{"line":16,"column":11}},"8":{"start":{"line":24,"column":4},"end":{"line":24,"column":96}},"9":{"start":{"line":25,"column":4},"end":{"line":25,"column":63}}},"fnMap":{"0":{"name":"(anonymous_0)","decl":{"start":{"line":6,"column":17},"end":{"line":6,"column":18}},"loc":{"start":{"line":6,"column":29},"end":{"line":30,"column":1}},"line":6}},"branchMap":{"0":{"loc":{"start":{"line":2,"column":0},"end":{"line":4,"column":1}},"type":"if","locations":[{"start":{"line":2,"column":0},"end":{"line":4,"column":1}},{"start":{},"end":{}}],"line":2},"1":{"loc":{"start":{"line":11,"column":4},"end":{"line":17,"column":5}},"type":"if","locations":[{"start":{"line":11,"column":4},"end":{"line":17,"column":5}},{"start":{},"end":{}}],"line":11}},"s":{"0":1,"1":1,"2":0,"3":1,"4":1,"5":1,"6":1,"7":0,"8":1,"9":1},"f":{"0":1},"b":{"0":[0,1],"1":[0,1]},"_coverageSchema":"1a1c01bbd47fc00a2c39e90264f33305004495a9","hash":"0985370a85c62c25e57ac3a83d096a31e6e00d86"}
,"/home/parham/Desktop/node_app/node_1/startup/router.js": {"path":"/home/parham/Desktop/node_app/node_1/startup/router.js","statementMap":{"0":{"start":{"line":1,"column":16},"end":{"line":1,"column":34}},"1":{"start":{"line":2,"column":24},"end":{"line":2,"column":55}},"2":{"start":{"line":3,"column":23},"end":{"line":3,"column":52}},"3":{"start":{"line":4,"column":19},"end":{"line":4,"column":63}},"4":{"start":{"line":5,"column":18},"end":{"line":5,"column":48}},"5":{"start":{"line":7,"column":0},"end":{"line":14,"column":1}},"6":{"start":{"line":8,"column":4},"end":{"line":8,"column":27}},"7":{"start":{"line":9,"column":4},"end":{"line":9,"column":45}},"8":{"start":{"line":10,"column":4},"end":{"line":10,"column":37}},"9":{"start":{"line":13,"column":4},"end":{"line":13,"column":28}}},"fnMap":{"0":{"name":"(anonymous_0)","decl":{"start":{"line":7,"column":17},"end":{"line":7,"column":18}},"loc":{"start":{"line":7,"column":30},"end":{"line":14,"column":1}},"line":7}},"branchMap":{},"s":{"0":1,"1":1,"2":1,"3":1,"4":1,"5":1,"6":1,"7":1,"8":1,"9":1},"f":{"0":1},"b":{},"_coverageSchema":"1a1c01bbd47fc00a2c39e90264f33305004495a9","hash":"f6fa5fc1b9671b6703479ce4d9af7a52522f2d2d"}
,"/home/parham/Desktop/node_app/node_1/utils/fake_delay.js": {"path":"/home/parham/Desktop/node_app/node_1/utils/fake_delay.js","statementMap":{"0":{"start":{"line":4,"column":18},"end":{"line":4,"column":52}},"1":{"start":{"line":5,"column":4},"end":{"line":5,"column":79}},"2":{"start":{"line":5,"column":34},"end":{"line":5,"column":78}},"3":{"start":{"line":10,"column":4},"end":{"line":10,"column":61}},"4":{"start":{"line":13,"column":0},"end":{"line":13,"column":41}},"5":{"start":{"line":14,"column":0},"end":{"line":14,"column":51}}},"fnMap":{"0":{"name":"fakeLatency","decl":{"start":{"line":2,"column":9},"end":{"line":2,"column":20}},"loc":{"start":{"line":2,"column":24},"end":{"line":6,"column":1}},"line":2},"1":{"name":"(anonymous_1)","decl":{"start":{"line":5,"column":23},"end":{"line":5,"column":24}},"loc":{"start":{"line":5,"column":34},"end":{"line":5,"column":78}},"line":5},"2":{"name":"getRandomInteger","decl":{"start":{"line":8,"column":9},"end":{"line":8,"column":25}},"loc":{"start":{"line":8,"column":35},"end":{"line":11,"column":1}},"line":8}},"branchMap":{"0":{"loc":{"start":{"line":4,"column":18},"end":{"line":4,"column":52}},"type":"binary-expr","locations":[{"start":{"line":4,"column":18},"end":{"line":4,"column":20}},{"start":{"line":4,"column":24},"end":{"line":4,"column":52}}],"line":4}},"s":{"0":0,"1":0,"2":0,"3":0,"4":1,"5":1},"f":{"0":0,"1":0,"2":0},"b":{"0":[0,0]},"_coverageSchema":"1a1c01bbd47fc00a2c39e90264f33305004495a9","hash":"fe23ea5957f2e3a7582371dbb627cc090cea2dc3"}
,"/home/parham/Desktop/node_app/node_1/validations/validate_student_id.js": {"path":"/home/parham/Desktop/node_app/node_1/validations/validate_student_id.js","statementMap":{"0":{"start":{"line":1,"column":12},"end":{"line":1,"column":26}},"1":{"start":{"line":2,"column":0},"end":{"line":2,"column":43}},"2":{"start":{"line":6,"column":19},"end":{"line":9,"column":6}},"3":{"start":{"line":11,"column":4},"end":{"line":11,"column":34}},"4":{"start":{"line":12,"column":4},"end":{"line":12,"column":17}},"5":{"start":{"line":15,"column":0},"end":{"line":15,"column":35}}},"fnMap":{"0":{"name":"validateStudentID","decl":{"start":{"line":5,"column":9},"end":{"line":5,"column":26}},"loc":{"start":{"line":5,"column":33},"end":{"line":13,"column":1}},"line":5}},"branchMap":{},"s":{"0":1,"1":1,"2":0,"3":0,"4":0,"5":1},"f":{"0":0},"b":{},"_coverageSchema":"1a1c01bbd47fc00a2c39e90264f33305004495a9","hash":"357f46807294a5d119ff4038b8e0211bf656bd83"}
,"/home/parham/Desktop/node_app/node_1/validations/validate_students.js": {"path":"/home/parham/Desktop/node_app/node_1/validations/validate_students.js","statementMap":{"0":{"start":{"line":1,"column":12},"end":{"line":1,"column":26}},"1":{"start":{"line":5,"column":19},"end":{"line":16,"column":6}},"2":{"start":{"line":18,"column":4},"end":{"line":18,"column":35}},"3":{"start":{"line":19,"column":4},"end":{"line":19,"column":18}},"4":{"start":{"line":22,"column":0},"end":{"line":22,"column":32}}},"fnMap":{"0":{"name":"validateStudent","decl":{"start":{"line":4,"column":9},"end":{"line":4,"column":24}},"loc":{"start":{"line":4,"column":31},"end":{"line":20,"column":1}},"line":4}},"branchMap":{},"s":{"0":1,"1":0,"2":0,"3":0,"4":1},"f":{"0":0},"b":{},"_coverageSchema":"1a1c01bbd47fc00a2c39e90264f33305004495a9","hash":"400af8066c94872e20c924b1c7c598e3f0c6d36a"}
,"/home/parham/Desktop/node_app/node_1/validations/model_validations/students.js": {"path":"/home/parham/Desktop/node_app/node_1/validations/model_validations/students.js","statementMap":{"0":{"start":{"line":1,"column":24},"end":{"line":1,"column":57}},"1":{"start":{"line":5,"column":4},"end":{"line":5,"column":24}},"2":{"start":{"line":6,"column":4},"end":{"line":6,"column":28}},"3":{"start":{"line":9,"column":0},"end":{"line":9,"column":61}}},"fnMap":{"0":{"name":"myAsyncValidationWork","decl":{"start":{"line":3,"column":15},"end":{"line":3,"column":36}},"loc":{"start":{"line":3,"column":39},"end":{"line":7,"column":1}},"line":3}},"branchMap":{"0":{"loc":{"start":{"line":6,"column":11},"end":{"line":6,"column":28}},"type":"binary-expr","locations":[{"start":{"line":6,"column":11},"end":{"line":6,"column":12}},{"start":{"line":6,"column":16},"end":{"line":6,"column":28}}],"line":6}},"s":{"0":1,"1":0,"2":0,"3":1},"f":{"0":0},"b":{"0":[0,0]},"_coverageSchema":"1a1c01bbd47fc00a2c39e90264f33305004495a9","hash":"324968992b432da5b82b78be702fb4a3bc25f5eb"}
}
