TN:
SF:index.js
FN:25,(anonymous_0)
FNF:1
FNH:1
FNDA:1,(anonymous_0)
DA:1,1
DA:2,1
DA:3,1
DA:6,1
DA:9,1
DA:12,1
DA:15,1
DA:18,1
DA:21,1
DA:24,1
DA:25,1
DA:27,1
LF:12
LH:12
BRDA:24,0,0,1
BRDA:24,0,1,1
BRF:2
BRH:2
end_of_record
TN:
SF:data/friends_queries.js
FN:4,listFriends
FN:16,addFriend
FN:38,removeFriendByID
FNF:3
FNH:0
FNDA:0,listFriends
FNDA:0,addFriend
FNDA:0,removeFriendByID
DA:1,1
DA:5,0
DA:6,0
DA:12,0
DA:17,0
DA:18,0
DA:26,0
DA:27,0
DA:33,0
DA:35,0
DA:39,0
DA:40,0
DA:48,0
DA:49,0
DA:55,0
DA:57,0
DA:60,1
DA:61,1
DA:62,1
LF:19
LH:4
BRDA:26,0,0,0
BRDA:26,0,1,0
BRDA:48,1,0,0
BRDA:48,1,1,0
BRF:4
BRH:0
end_of_record
TN:
SF:data/student_queries.js
FN:4,createNewStudent
FN:16,getStudents
FN:24,retrieveStudent
FN:29,getStudentObject
FN:35,updateStudent
FN:45,deleteStudent
FNF:6
FNH:0
FNDA:0,createNewStudent
FNDA:0,getStudents
FNDA:0,retrieveStudent
FNDA:0,getStudentObject
FNDA:0,updateStudent
FNDA:0,deleteStudent
DA:1,1
DA:6,0
DA:7,0
DA:8,0
DA:12,0
DA:17,0
DA:18,0
DA:21,0
DA:25,0
DA:30,0
DA:31,0
DA:32,0
DA:36,0
DA:41,0
DA:42,0
DA:46,0
DA:48,0
DA:49,0
DA:54,1
DA:55,1
DA:56,1
DA:57,1
DA:58,1
DA:59,1
LF:24
LH:7
BRDA:31,0,0,0
BRDA:31,0,1,0
BRDA:41,1,0,0
BRDA:41,1,1,0
BRDA:48,2,0,0
BRDA:48,2,1,0
BRF:6
BRH:0
end_of_record
TN:
SF:data/tags_queries.js
FN:5,listTags
FN:9,addTag
FN:21,removeTag
FNF:3
FNH:0
FNDA:0,listTags
FNDA:0,addTag
FNDA:0,removeTag
DA:1,1
DA:2,1
DA:6,0
DA:10,0
DA:11,0
DA:12,0
DA:17,0
DA:18,0
DA:22,0
DA:23,0
DA:24,0
DA:29,0
DA:30,0
DA:33,1
DA:34,1
DA:35,1
LF:16
LH:5
BRDA:11,0,0,0
BRDA:11,0,1,0
BRDA:23,1,0,0
BRDA:23,1,1,0
BRF:4
BRH:0
end_of_record
TN:
SF:data/auth_queries/auth_register.js
FN:4,createNewUser
FNF:1
FNH:1
FNDA:5,createNewUser
DA:1,1
DA:2,1
DA:7,5
DA:8,5
DA:13,1
LF:5
LH:5
BRF:0
BRH:0
end_of_record
TN:
SF:middlewares/authenticate.js
FN:5,auth
FNF:1
FNH:1
FNDA:16,auth
DA:1,2
DA:2,2
DA:6,16
DA:7,16
DA:8,16
DA:9,1
DA:10,1
DA:12,15
DA:13,15
DA:15,16
DA:18,2
LF:11
LH:11
BRF:0
BRH:0
end_of_record
TN:
SF:middlewares/error.js
FN:3,(anonymous_0)
FNF:1
FNH:0
FNDA:0,(anonymous_0)
DA:1,1
DA:3,1
DA:5,0
DA:6,0
DA:15,0
LF:5
LH:2
BRF:0
BRH:0
end_of_record
TN:
SF:middlewares/login_required.js
FN:5,(anonymous_0)
FNF:1
FNH:0
FNDA:0,(anonymous_0)
DA:1,1
DA:2,1
DA:5,1
DA:6,0
DA:7,0
DA:8,0
DA:9,0
DA:10,0
DA:11,0
DA:12,0
DA:14,0
DA:15,0
DA:16,0
LF:13
LH:3
BRDA:7,0,0,0
BRDA:7,0,1,0
BRF:2
BRH:0
end_of_record
TN:
SF:models/course.js
FNF:0
FNH:0
DA:1,1
DA:3,1
DA:19,1
DA:27,1
DA:29,1
DA:30,1
DA:31,1
LF:7
LH:7
BRF:0
BRH:0
end_of_record
TN:
SF:models/student_model.js
FN:20,(anonymous_0)
FNF:1
FNH:0
FNDA:0,(anonymous_0)
DA:1,1
DA:2,1
DA:3,1
DA:4,1
DA:7,1
DA:21,0
DA:39,1
DA:41,1
LF:8
LH:7
BRF:0
BRH:0
end_of_record
TN:
SF:models/tag.js
FNF:0
FNH:0
DA:1,1
DA:3,1
DA:7,1
DA:9,1
DA:10,1
LF:5
LH:5
BRF:0
BRH:0
end_of_record
TN:
SF:models/authentication/student_model.js
FN:14,(anonymous_0)
FN:21,(anonymous_1)
FNF:2
FNH:2
FNDA:5,(anonymous_0)
FNDA:2,(anonymous_1)
DA:2,3
DA:3,3
DA:4,3
DA:6,3
DA:15,5
DA:21,3
DA:22,2
DA:29,2
DA:31,3
DA:33,3
LF:10
LH:10
BRF:0
BRH:0
end_of_record
TN:
SF:routes/pug_route.js
FN:5,(anonymous_0)
FNF:1
FNH:0
FNDA:0,(anonymous_0)
DA:1,1
DA:3,1
DA:5,1
DA:6,0
DA:9,1
LF:5
LH:4
BRF:0
BRH:0
end_of_record
TN:
SF:routes/students.js
FN:10,(anonymous_0)
FN:13,(anonymous_1)
FN:25,(anonymous_2)
FN:37,(anonymous_3)
FN:53,(anonymous_4)
FN:72,(anonymous_5)
FNF:6
FNH:0
FNDA:0,(anonymous_0)
FNDA:0,(anonymous_1)
FNDA:0,(anonymous_2)
FNDA:0,(anonymous_3)
FNDA:0,(anonymous_4)
FNDA:0,(anonymous_5)
DA:1,1
DA:2,1
DA:3,1
DA:4,1
DA:5,1
DA:6,1
DA:8,1
DA:10,1
DA:11,0
DA:12,0
DA:13,0
DA:19,0
DA:20,0
DA:25,1
DA:26,0
DA:27,0
DA:28,0
DA:29,0
DA:30,0
DA:32,0
DA:37,1
DA:39,0
DA:40,0
DA:42,0
DA:43,0
DA:44,0
DA:47,0
DA:48,0
DA:53,1
DA:54,0
DA:55,0
DA:58,0
DA:61,0
DA:63,0
DA:64,0
DA:69,0
DA:72,1
DA:74,0
DA:77,0
DA:79,0
DA:80,0
DA:81,0
DA:83,1
DA:84,1
DA:86,1
LF:45
LH:15
BRDA:29,0,0,0
BRDA:29,0,1,0
BRDA:40,1,0,0
BRDA:40,1,1,0
BRDA:55,2,0,0
BRDA:55,2,1,0
BRDA:61,3,0,0
BRDA:61,3,1,0
BRDA:64,4,0,0
BRDA:64,4,1,0
BRDA:77,5,0,0
BRDA:77,5,1,0
BRDA:80,6,0,0
BRDA:80,6,1,0
BRF:14
BRH:0
end_of_record
TN:
SF:routes/students_friends.js
FN:7,(anonymous_0)
FN:13,(anonymous_1)
FN:28,(anonymous_2)
FNF:3
FNH:0
FNDA:0,(anonymous_0)
FNDA:0,(anonymous_1)
FNDA:0,(anonymous_2)
DA:1,1
DA:2,1
DA:3,1
DA:5,1
DA:7,1
DA:8,0
DA:9,0
DA:10,0
DA:13,1
DA:14,0
DA:15,0
DA:16,0
DA:17,0
DA:18,0
DA:19,0
DA:20,0
DA:21,0
DA:24,0
DA:28,1
DA:29,0
DA:30,0
DA:31,0
DA:32,0
DA:33,0
DA:34,0
DA:35,0
DA:36,0
DA:39,0
DA:44,1
LF:29
LH:8
BRDA:18,0,0,0
BRDA:18,0,1,0
BRDA:20,1,0,0
BRDA:20,1,1,0
BRDA:33,2,0,0
BRDA:33,2,1,0
BRDA:35,3,0,0
BRDA:35,3,1,0
BRF:8
BRH:0
end_of_record
TN:
SF:routes/students_tags.js
FN:7,(anonymous_0)
FN:14,(anonymous_1)
FN:29,(anonymous_2)
FNF:3
FNH:0
FNDA:0,(anonymous_0)
FNDA:0,(anonymous_1)
FNDA:0,(anonymous_2)
DA:1,1
DA:2,1
DA:5,1
DA:7,1
DA:8,0
DA:9,0
DA:10,0
DA:11,0
DA:14,1
DA:15,0
DA:16,0
DA:17,0
DA:18,0
DA:19,0
DA:22,0
DA:25,0
DA:29,1
DA:30,0
DA:31,0
DA:32,0
DA:33,0
DA:34,0
DA:37,0
DA:40,0
DA:43,1
LF:25
LH:7
BRDA:10,0,0,0
BRDA:10,0,1,0
BRDA:22,1,0,0
BRDA:22,1,1,0
BRDA:37,2,0,0
BRDA:37,2,1,0
BRF:6
BRH:0
end_of_record
TN:
SF:routes/auth_routes/auth_routes.js
FN:23,(anonymous_0)
FN:33,(anonymous_1)
FN:45,(anonymous_2)
FN:51,(anonymous_3)
FNF:4
FNH:2
FNDA:5,(anonymous_0)
FNDA:3,(anonymous_1)
FNDA:0,(anonymous_2)
FNDA:0,(anonymous_3)
DA:1,1
DA:2,1
DA:3,1
DA:4,1
DA:5,1
DA:6,1
DA:7,1
DA:8,1
DA:9,1
DA:12,1
DA:23,1
DA:24,5
DA:25,5
DA:26,4
DA:27,4
DA:28,4
DA:29,4
DA:33,1
DA:34,3
DA:35,3
DA:37,2
DA:38,2
DA:40,1
DA:41,1
DA:45,1
DA:46,0
DA:47,0
DA:51,1
DA:53,0
DA:56,1
LF:30
LH:27
BRDA:25,0,0,1
BRDA:25,0,1,4
BRDA:35,1,0,1
BRDA:35,1,1,2
BRDA:38,2,0,1
BRDA:38,2,1,1
BRDA:46,3,0,0
BRDA:46,3,1,0
BRF:8
BRH:6
end_of_record
TN:
SF:routes/auth_routes/hash.js
FN:3,hashPassword
FNF:1
FNH:1
FNDA:5,hashPassword
DA:1,1
DA:7,5
DA:9,5
DA:10,5
DA:13,1
LF:5
LH:5
BRF:0
BRH:0
end_of_record
TN:
SF:startup/config.js
FN:4,(anonymous_0)
FNF:1
FNH:0
FNDA:0,(anonymous_0)
DA:1,1
DA:2,1
DA:4,1
DA:5,0
LF:4
LH:3
BRDA:5,0,0,0
BRDA:5,0,1,0
BRF:2
BRH:0
end_of_record
TN:
SF:startup/db.js
FN:6,(anonymous_0)
FN:9,(anonymous_1)
FNF:2
FNH:2
FNDA:1,(anonymous_0)
FNDA:1,(anonymous_1)
DA:1,1
DA:2,1
DA:3,1
DA:6,1
DA:7,1
DA:8,1
DA:9,1
LF:7
LH:7
BRF:0
BRH:0
end_of_record
TN:
SF:startup/load_middlewares.js
FN:6,(anonymous_0)
FNF:1
FNH:1
FNDA:1,(anonymous_0)
DA:1,1
DA:2,1
DA:3,1
DA:4,1
DA:6,1
DA:7,1
DA:8,1
DA:9,1
DA:10,1
DA:11,1
DA:12,1
DA:13,1
DA:14,1
LF:13
LH:13
BRDA:14,0,0,0
BRDA:14,0,1,1
BRF:2
BRH:1
end_of_record
TN:
SF:startup/logging.js
FN:6,(anonymous_0)
FNF:1
FNH:1
FNDA:1,(anonymous_0)
DA:1,1
DA:2,1
DA:3,0
DA:6,1
DA:8,1
DA:9,1
DA:11,1
DA:12,0
DA:24,1
DA:25,1
LF:10
LH:8
BRDA:2,0,0,0
BRDA:2,0,1,1
BRDA:11,1,0,0
BRDA:11,1,1,1
BRF:4
BRH:2
end_of_record
TN:
SF:startup/router.js
FN:7,(anonymous_0)
FNF:1
FNH:1
FNDA:1,(anonymous_0)
DA:1,1
DA:2,1
DA:3,1
DA:4,1
DA:5,1
DA:7,1
DA:8,1
DA:9,1
DA:10,1
DA:13,1
LF:10
LH:10
BRF:0
BRH:0
end_of_record
TN:
SF:utils/fake_delay.js
FN:2,fakeLatency
FN:5,(anonymous_1)
FN:8,getRandomInteger
FNF:3
FNH:0
FNDA:0,fakeLatency
FNDA:0,(anonymous_1)
FNDA:0,getRandomInteger
DA:4,0
DA:5,0
DA:10,0
DA:13,1
DA:14,1
LF:5
LH:2
BRDA:4,0,0,0
BRDA:4,0,1,0
BRF:2
BRH:0
end_of_record
TN:
SF:validations/validate_student_id.js
FN:5,validateStudentID
FNF:1
FNH:0
FNDA:0,validateStudentID
DA:1,1
DA:2,1
DA:6,0
DA:11,0
DA:12,0
DA:15,1
LF:6
LH:3
BRF:0
BRH:0
end_of_record
TN:
SF:validations/validate_students.js
FN:4,validateStudent
FNF:1
FNH:0
FNDA:0,validateStudent
DA:1,1
DA:5,0
DA:18,0
DA:19,0
DA:22,1
LF:5
LH:2
BRF:0
BRH:0
end_of_record
TN:
SF:validations/model_validations/students.js
FN:3,myAsyncValidationWork
FNF:1
FNH:0
FNDA:0,myAsyncValidationWork
DA:1,1
DA:5,0
DA:6,0
DA:9,1
LF:4
LH:2
BRDA:6,0,0,0
BRDA:6,0,1,0
BRF:2
BRH:0
end_of_record
